0 info it worked if it ends with ok
1 verbose cli [ '/usr/local/src/nodejs/bin/node',
1 verbose cli   '/usr/local/bin/npm',
1 verbose cli   'start' ]
2 info using npm@3.10.10
3 info using node@v6.10.2
4 verbose run-script [ 'prestart', 'start', 'poststart' ]
5 info lifecycle react-dianping-webpack@1.0.0~prestart: react-dianping-webpack@1.0.0
6 silly lifecycle react-dianping-webpack@1.0.0~prestart: no script for prestart, continuing
7 info lifecycle react-dianping-webpack@1.0.0~start: react-dianping-webpack@1.0.0
8 verbose lifecycle react-dianping-webpack@1.0.0~start: unsafe-perm in lifecycle true
9 verbose lifecycle react-dianping-webpack@1.0.0~start: PATH: /usr/local/src/nodejs/lib/node_modules/npm/bin/node-gyp-bin:/home/app/node_modules/.bin:/usr/local/src/nodejs/bin:/usr/local/mysql/bin:/usr/local/mysql/bin:/bin:/sbin:/usr/bin:/usr/sbin:/usr/local/bin:/usr/local/sbin:/root/bin:/root/bin
10 verbose lifecycle react-dianping-webpack@1.0.0~start: CWD: /home/app
11 silly lifecycle react-dianping-webpack@1.0.0~start: Args: [ '-c',
11 silly lifecycle   'set NODE_ENV=dev && webpack-dev-server --host 0.0.0.0 --progress --colors' ]
12 silly lifecycle react-dianping-webpack@1.0.0~start: Returned: code: 137  signal: null
13 info lifecycle react-dianping-webpack@1.0.0~start: Failed to exec start script
14 verbose stack Error: react-dianping-webpack@1.0.0 start: `set NODE_ENV=dev && webpack-dev-server --host 0.0.0.0 --progress --colors`
14 verbose stack Exit status 137
14 verbose stack     at EventEmitter.<anonymous> (/usr/local/src/nodejs/lib/node_modules/npm/lib/utils/lifecycle.js:255:16)
14 verbose stack     at emitTwo (events.js:106:13)
14 verbose stack     at EventEmitter.emit (events.js:191:7)
14 verbose stack     at ChildProcess.<anonymous> (/usr/local/src/nodejs/lib/node_modules/npm/lib/utils/spawn.js:40:14)
14 verbose stack     at emitTwo (events.js:106:13)
14 verbose stack     at ChildProcess.emit (events.js:191:7)
14 verbose stack     at maybeClose (internal/child_process.js:886:16)
14 verbose stack     at Process.ChildProcess._handle.onexit (internal/child_process.js:226:5)
15 verbose pkgid react-dianping-webpack@1.0.0
16 verbose cwd /home/app
17 error Linux 2.6.32-642.15.1.el6.x86_64
18 error argv "/usr/local/src/nodejs/bin/node" "/usr/local/bin/npm" "start"
19 error node v6.10.2
20 error npm  v3.10.10
21 error code ELIFECYCLE
22 error react-dianping-webpack@1.0.0 start: `set NODE_ENV=dev && webpack-dev-server --host 0.0.0.0 --progress --colors`
22 error Exit status 137
23 error Failed at the react-dianping-webpack@1.0.0 start script 'set NODE_ENV=dev && webpack-dev-server --host 0.0.0.0 --progress --colors'.
23 error Make sure you have the latest version of node.js and npm installed.
23 error If you do, this is most likely a problem with the react-dianping-webpack package,
23 error not with npm itself.
23 error Tell the author that this fails on your system:
23 error     set NODE_ENV=dev && webpack-dev-server --host 0.0.0.0 --progress --colors
23 error You can get information on how to open an issue for this project with:
23 error     npm bugs react-dianping-webpack
23 error Or if that isn't available, you can get their info via:
23 error     npm owner ls react-dianping-webpack
23 error There is likely additional logging output above.
24 verbose exit [ 1, true ]
